<?xml version="1.0" encoding="UTF-8"?>
<!-- Generated by org.testng.reporters.JUnitReportReporter -->
<testsuite hostname="NIBLP1075" failures="0" tests="3" name="TrainingSample.dataProviderTestNG" time="11.821" errors="0" timestamp="2022-01-31T10:10:38 IST" skipped="0">
  <testcase classname="TrainingSample.dataProviderTestNG" name="Logintofacebook" time="3.554"/>
  <system-out/>
  <testcase classname="TrainingSample.dataProviderTestNG" name="Logintofacebook" time="5.342"/>
  <system-out/>
  <testcase classname="TrainingSample.dataProviderTestNG" name="Logintofacebook" time="2.925"/>
  <system-out/>
</testsuite> <!-- TrainingSample.dataProviderTestNG -->
